<?xml version="1.0" encoding="UTF-8"?>
<!-- Generated by org.testng.reporters.JUnitReportReporter -->
<testsuite hostname="Riddhis-MacBook-Air.local" failures="0" tests="4" name="com.ap.qa.testcases.LoginPageTest" time="39.886" errors="0" timestamp="2022-04-28T12:33:38 EDT" skipped="0">
  <testcase classname="com.ap.qa.testcases.LoginPageTest" name="loginTitleTest" time="7.589"/>
  <system-out/>
  <testcase classname="com.ap.qa.testcases.LoginPageTest" name="validateLogoTest" time="11.930"/>
  <system-out/>
  <testcase classname="com.ap.qa.testcases.LoginPageTest" name="validateLinkTest" time="8.014"/>
  <system-out/>
  <testcase classname="com.ap.qa.testcases.LoginPageTest" name="loginTest" time="12.353"/>
  <system-out/>
</testsuite> <!-- com.ap.qa.testcases.LoginPageTest -->
