<?xml version="1.0" encoding="UTF-8"?>
<!-- Generated by org.testng.reporters.JUnitReportReporter -->
<testsuite hostname="Riddhis-MacBook-Air.local" failures="0" tests="4" name="com.ap.qa.testcases.LoginPageTest" time="31.976" errors="0" timestamp="2022-04-26T19:55:22 EDT" skipped="0">
  <testcase classname="com.ap.qa.testcases.LoginPageTest" name="loginTitleTest" time="4.798"/>
  <system-out/>
  <testcase classname="com.ap.qa.testcases.LoginPageTest" name="validateLogoTest" time="11.620"/>
  <system-out/>
  <testcase classname="com.ap.qa.testcases.LoginPageTest" name="validateLinkTest" time="6.217"/>
  <system-out/>
  <testcase classname="com.ap.qa.testcases.LoginPageTest" name="loginTest" time="9.341"/>
  <system-out/>
</testsuite> <!-- com.ap.qa.testcases.LoginPageTest -->
