<?xml version="1.0" encoding="UTF-8"?>
<!-- Generated by org.testng.reporters.JUnitReportReporter -->
<testsuite hostname="Riddhis-MacBook-Air.local" failures="0" tests="3" name="com.ap.qa.testcases.DressesPageTest" time="29.198" errors="0" timestamp="2022-04-26T19:55:22 EDT" skipped="0">
  <testcase classname="com.ap.qa.testcases.DressesPageTest" name="verifyTitleOfDressesTest" time="8.092"/>
  <system-out/>
  <testcase classname="com.ap.qa.testcases.DressesPageTest" name="verifyBannerOfDressesTest" time="7.824"/>
  <system-out/>
  <testcase classname="com.ap.qa.testcases.DressesPageTest" name="getListOfCategoriesTest" time="13.282"/>
  <system-out/>
</testsuite> <!-- com.ap.qa.testcases.DressesPageTest -->
