<?xml version="1.0" encoding="UTF-8"?>
<!-- Generated by org.testng.reporters.JUnitReportReporter -->
<testsuite hostname="Riddhis-MacBook-Air.local" failures="0" tests="3" name="com.ap.qa.testcases.HomePageTest" time="31.257" errors="0" timestamp="2022-04-26T19:55:22 EDT" skipped="0">
  <testcase classname="com.ap.qa.testcases.HomePageTest" name="homepageTitleTest" time="10.543"/>
  <system-out/>
  <testcase classname="com.ap.qa.testcases.HomePageTest" name="validateLinkTest" time="12.771"/>
  <system-out/>
  <testcase classname="com.ap.qa.testcases.HomePageTest" name="clickOnDressesLinkTest" time="7.943"/>
  <system-out/>
</testsuite> <!-- com.ap.qa.testcases.HomePageTest -->
