<?xml version="1.0" encoding="UTF-8"?>
<!-- Generated by org.testng.reporters.JUnitReportReporter -->
<testsuite hostname="Riddhis-MacBook-Air.local" failures="0" tests="3" name="com.ap.qa.testcases.DressesPageTest" time="51.027" errors="0" timestamp="2022-04-28T12:30:40 EDT" skipped="0">
  <testcase classname="com.ap.qa.testcases.DressesPageTest" name="verifyTitleOfDressesTest" time="20.287"/>
  <system-out/>
  <testcase classname="com.ap.qa.testcases.DressesPageTest" name="verifyBannerOfDressesTest" time="10.179"/>
  <system-out/>
  <testcase classname="com.ap.qa.testcases.DressesPageTest" name="getListOfCategoriesTest" time="20.561"/>
  <system-out/>
</testsuite> <!-- com.ap.qa.testcases.DressesPageTest -->
