<?xml version="1.0" encoding="UTF-8"?>
<!-- Generated by org.testng.reporters.JUnitReportReporter -->
<testsuite hostname="Riddhis-MacBook-Air.local" failures="0" tests="4" name="com.ap.qa.testcases.LoginPageTest" time="39.143" errors="0" timestamp="2022-04-28T12:30:40 EDT" skipped="0">
  <testcase classname="com.ap.qa.testcases.LoginPageTest" name="loginTitleTest" time="7.734"/>
  <system-out/>
  <testcase classname="com.ap.qa.testcases.LoginPageTest" name="validateLogoTest" time="9.327"/>
  <system-out/>
  <testcase classname="com.ap.qa.testcases.LoginPageTest" name="validateLinkTest" time="6.639"/>
  <system-out/>
  <testcase classname="com.ap.qa.testcases.LoginPageTest" name="loginTest" time="15.443"/>
  <system-out/>
</testsuite> <!-- com.ap.qa.testcases.LoginPageTest -->
