<?xml version="1.0" encoding="UTF-8"?>
<!-- Generated by org.testng.reporters.JUnitReportReporter -->
<testsuite hostname="Riddhis-MacBook-Air.local" failures="0" tests="3" name="com.ap.qa.testcases.DressesPageTest" time="44.804" errors="0" timestamp="2022-04-26T20:48:31 EDT" skipped="0">
  <testcase classname="com.ap.qa.testcases.DressesPageTest" name="verifyTitleOfDressesTest" time="11.129"/>
  <system-out/>
  <testcase classname="com.ap.qa.testcases.DressesPageTest" name="verifyBannerOfDressesTest" time="10.196"/>
  <system-out/>
  <testcase classname="com.ap.qa.testcases.DressesPageTest" name="getListOfCategoriesTest" time="23.479"/>
  <system-out/>
</testsuite> <!-- com.ap.qa.testcases.DressesPageTest -->
